<?xml version="1.0" encoding="UTF-8"?>
<testsuite xmlns:xsi="http://www.w3.org/2001/XMLSchema-instance" xsi:noNamespaceSchemaLocation="https://maven.apache.org/surefire/maven-surefire-plugin/xsd/surefire-test-report.xsd" name="com.tech_school.app.AppApplicationTests" time="0.5" tests="0" errors="0" skipped="0" failures="0">
  <properties>
    <property name="gopherProxySet" value="false"/>
    <property name="awt.toolkit" value="sun.lwawt.macosx.LWCToolkit"/>
    <property name="file.encoding.pkg" value="sun.io"/>
    <property name="java.specification.version" value="1.8"/>
    <property name="sun.cpu.isalist" value=""/>
    <property name="sun.jnu.encoding" value="UTF-8"/>
    <property name="java.class.path" value="/Users/cb-angalaparameashwari/work/tech-school/target/test-classes:/Users/cb-angalaparameashwari/work/tech-school/target/classes:/Users/cb-angalaparameashwari/.m2/repository/org/springframework/boot/spring-boot-starter-web/2.1.8.RELEASE/spring-boot-starter-web-2.1.8.RELEASE.jar:/Users/cb-angalaparameashwari/.m2/repository/org/springframework/boot/spring-boot-starter/2.5.1/spring-boot-starter-2.5.1.jar:/Users/cb-angalaparameashwari/.m2/repository/org/springframework/boot/spring-boot/2.5.1/spring-boot-2.5.1.jar:/Users/cb-angalaparameashwari/.m2/repository/org/springframework/boot/spring-boot-autoconfigure/2.5.1/spring-boot-autoconfigure-2.5.1.jar:/Users/cb-angalaparameashwari/.m2/repository/org/springframework/boot/spring-boot-starter-logging/2.5.1/spring-boot-starter-logging-2.5.1.jar:/Users/cb-angalaparameashwari/.m2/repository/ch/qos/logback/logback-classic/1.2.3/logback-classic-1.2.3.jar:/Users/cb-angalaparameashwari/.m2/repository/ch/qos/logback/logback-core/1.2.3/logback-core-1.2.3.jar:/Users/cb-angalaparameashwari/.m2/repository/org/apache/logging/log4j/log4j-to-slf4j/2.14.1/log4j-to-slf4j-2.14.1.jar:/Users/cb-angalaparameashwari/.m2/repository/org/apache/logging/log4j/log4j-api/2.14.1/log4j-api-2.14.1.jar:/Users/cb-angalaparameashwari/.m2/repository/org/slf4j/jul-to-slf4j/1.7.30/jul-to-slf4j-1.7.30.jar:/Users/cb-angalaparameashwari/.m2/repository/jakarta/annotation/jakarta.annotation-api/1.3.5/jakarta.annotation-api-1.3.5.jar:/Users/cb-angalaparameashwari/.m2/repository/org/yaml/snakeyaml/1.28/snakeyaml-1.28.jar:/Users/cb-angalaparameashwari/.m2/repository/org/springframework/boot/spring-boot-starter-json/2.5.1/spring-boot-starter-json-2.5.1.jar:/Users/cb-angalaparameashwari/.m2/repository/com/fasterxml/jackson/datatype/jackson-datatype-jdk8/2.12.3/jackson-datatype-jdk8-2.12.3.jar:/Users/cb-angalaparameashwari/.m2/repository/com/fasterxml/jackson/datatype/jackson-datatype-jsr310/2.12.3/jackson-datatype-jsr310-2.12.3.jar:/Users/cb-angalaparameashwari/.m2/repository/com/fasterxml/jackson/module/jackson-module-parameter-names/2.12.3/jackson-module-parameter-names-2.12.3.jar:/Users/cb-angalaparameashwari/.m2/repository/org/springframework/boot/spring-boot-starter-tomcat/2.5.1/spring-boot-starter-tomcat-2.5.1.jar:/Users/cb-angalaparameashwari/.m2/repository/org/apache/tomcat/embed/tomcat-embed-core/9.0.46/tomcat-embed-core-9.0.46.jar:/Users/cb-angalaparameashwari/.m2/repository/org/apache/tomcat/embed/tomcat-embed-el/9.0.46/tomcat-embed-el-9.0.46.jar:/Users/cb-angalaparameashwari/.m2/repository/org/apache/tomcat/embed/tomcat-embed-websocket/9.0.46/tomcat-embed-websocket-9.0.46.jar:/Users/cb-angalaparameashwari/.m2/repository/org/hibernate/validator/hibernate-validator/6.2.0.Final/hibernate-validator-6.2.0.Final.jar:/Users/cb-angalaparameashwari/.m2/repository/jakarta/validation/jakarta.validation-api/2.0.2/jakarta.validation-api-2.0.2.jar:/Users/cb-angalaparameashwari/.m2/repository/org/springframework/spring-web/5.3.8/spring-web-5.3.8.jar:/Users/cb-angalaparameashwari/.m2/repository/org/springframework/spring-beans/5.3.8/spring-beans-5.3.8.jar:/Users/cb-angalaparameashwari/.m2/repository/org/springframework/spring-webmvc/5.3.8/spring-webmvc-5.3.8.jar:/Users/cb-angalaparameashwari/.m2/repository/org/springframework/spring-aop/5.3.8/spring-aop-5.3.8.jar:/Users/cb-angalaparameashwari/.m2/repository/org/springframework/spring-context/5.3.8/spring-context-5.3.8.jar:/Users/cb-angalaparameashwari/.m2/repository/org/springframework/spring-expression/5.3.8/spring-expression-5.3.8.jar:/Users/cb-angalaparameashwari/.m2/repository/org/springframework/boot/spring-boot-starter-actuator/2.5.1/spring-boot-starter-actuator-2.5.1.jar:/Users/cb-angalaparameashwari/.m2/repository/org/springframework/boot/spring-boot-actuator-autoconfigure/2.5.1/spring-boot-actuator-autoconfigure-2.5.1.jar:/Users/cb-angalaparameashwari/.m2/repository/org/springframework/boot/spring-boot-actuator/2.5.1/spring-boot-actuator-2.5.1.jar:/Users/cb-angalaparameashwari/.m2/repository/io/micrometer/micrometer-core/1.7.0/micrometer-core-1.7.0.jar:/Users/cb-angalaparameashwari/.m2/repository/org/hdrhistogram/HdrHistogram/2.1.12/HdrHistogram-2.1.12.jar:/Users/cb-angalaparameashwari/.m2/repository/org/latencyutils/LatencyUtils/2.0.3/LatencyUtils-2.0.3.jar:/Users/cb-angalaparameashwari/.m2/repository/com/sendgrid/sendgrid-java/4.7.2/sendgrid-java-4.7.2.jar:/Users/cb-angalaparameashwari/.m2/repository/com/sendgrid/java-http-client/4.3.6/java-http-client-4.3.6.jar:/Users/cb-angalaparameashwari/.m2/repository/org/apache/httpcomponents/httpcore/4.4.14/httpcore-4.4.14.jar:/Users/cb-angalaparameashwari/.m2/repository/org/apache/httpcomponents/httpclient/4.5.13/httpclient-4.5.13.jar:/Users/cb-angalaparameashwari/.m2/repository/commons-codec/commons-codec/1.15/commons-codec-1.15.jar:/Users/cb-angalaparameashwari/.m2/repository/com/fasterxml/jackson/core/jackson-core/2.12.3/jackson-core-2.12.3.jar:/Users/cb-angalaparameashwari/.m2/repository/com/fasterxml/jackson/core/jackson-annotations/2.12.3/jackson-annotations-2.12.3.jar:/Users/cb-angalaparameashwari/.m2/repository/com/fasterxml/jackson/core/jackson-databind/2.12.3/jackson-databind-2.12.3.jar:/Users/cb-angalaparameashwari/.m2/repository/org/bouncycastle/bcprov-jdk15on/1.68/bcprov-jdk15on-1.68.jar:/Users/cb-angalaparameashwari/.m2/repository/log4j/log4j/1.2.17/log4j-1.2.17.jar:/Users/cb-angalaparameashwari/.m2/repository/org/slf4j/slf4j-api/1.7.7/slf4j-api-1.7.7.jar:/Users/cb-angalaparameashwari/.m2/repository/com/h2database/h2/1.4.200/h2-1.4.200.jar:/Users/cb-angalaparameashwari/.m2/repository/org/projectlombok/lombok/1.18.20/lombok-1.18.20.jar:/Users/cb-angalaparameashwari/.m2/repository/org/flywaydb/flyway-core/7.8.1/flyway-core-7.8.1.jar:/Users/cb-angalaparameashwari/.m2/repository/org/springframework/boot/spring-boot-starter-data-jpa/2.5.1/spring-boot-starter-data-jpa-2.5.1.jar:/Users/cb-angalaparameashwari/.m2/repository/org/springframework/boot/spring-boot-starter-aop/2.5.1/spring-boot-starter-aop-2.5.1.jar:/Users/cb-angalaparameashwari/.m2/repository/org/aspectj/aspectjweaver/1.9.6/aspectjweaver-1.9.6.jar:/Users/cb-angalaparameashwari/.m2/repository/org/springframework/boot/spring-boot-starter-jdbc/2.5.1/spring-boot-starter-jdbc-2.5.1.jar:/Users/cb-angalaparameashwari/.m2/repository/com/zaxxer/HikariCP/4.0.3/HikariCP-4.0.3.jar:/Users/cb-angalaparameashwari/.m2/repository/org/springframework/spring-jdbc/5.3.8/spring-jdbc-5.3.8.jar:/Users/cb-angalaparameashwari/.m2/repository/jakarta/transaction/jakarta.transaction-api/1.3.3/jakarta.transaction-api-1.3.3.jar:/Users/cb-angalaparameashwari/.m2/repository/jakarta/persistence/jakarta.persistence-api/2.2.3/jakarta.persistence-api-2.2.3.jar:/Users/cb-angalaparameashwari/.m2/repository/org/springframework/data/spring-data-jpa/2.5.1/spring-data-jpa-2.5.1.jar:/Users/cb-angalaparameashwari/.m2/repository/org/springframework/data/spring-data-commons/2.5.1/spring-data-commons-2.5.1.jar:/Users/cb-angalaparameashwari/.m2/repository/org/springframework/spring-orm/5.3.8/spring-orm-5.3.8.jar:/Users/cb-angalaparameashwari/.m2/repository/org/springframework/spring-tx/5.3.8/spring-tx-5.3.8.jar:/Users/cb-angalaparameashwari/.m2/repository/org/springframework/spring-aspects/5.3.8/spring-aspects-5.3.8.jar:/Users/cb-angalaparameashwari/.m2/repository/org/hibernate/hibernate-core/5.4.30.Final/hibernate-core-5.4.30.Final.jar:/Users/cb-angalaparameashwari/.m2/repository/org/jboss/logging/jboss-logging/3.4.2.Final/jboss-logging-3.4.2.Final.jar:/Users/cb-angalaparameashwari/.m2/repository/javax/persistence/javax.persistence-api/2.2/javax.persistence-api-2.2.jar:/Users/cb-angalaparameashwari/.m2/repository/org/javassist/javassist/3.27.0-GA/javassist-3.27.0-GA.jar:/Users/cb-angalaparameashwari/.m2/repository/net/bytebuddy/byte-buddy/1.10.22/byte-buddy-1.10.22.jar:/Users/cb-angalaparameashwari/.m2/repository/antlr/antlr/2.7.7/antlr-2.7.7.jar:/Users/cb-angalaparameashwari/.m2/repository/org/jboss/spec/javax/transaction/jboss-transaction-api_1.2_spec/1.1.1.Final/jboss-transaction-api_1.2_spec-1.1.1.Final.jar:/Users/cb-angalaparameashwari/.m2/repository/org/jboss/jandex/2.2.3.Final/jandex-2.2.3.Final.jar:/Users/cb-angalaparameashwari/.m2/repository/com/fasterxml/classmate/1.5.1/classmate-1.5.1.jar:/Users/cb-angalaparameashwari/.m2/repository/javax/activation/javax.activation-api/1.2.0/javax.activation-api-1.2.0.jar:/Users/cb-angalaparameashwari/.m2/repository/org/dom4j/dom4j/2.1.3/dom4j-2.1.3.jar:/Users/cb-angalaparameashwari/.m2/repository/org/hibernate/common/hibernate-commons-annotations/5.1.2.Final/hibernate-commons-annotations-5.1.2.Final.jar:/Users/cb-angalaparameashwari/.m2/repository/javax/xml/bind/jaxb-api/2.3.1/jaxb-api-2.3.1.jar:/Users/cb-angalaparameashwari/.m2/repository/org/glassfish/jaxb/jaxb-runtime/2.3.4/jaxb-runtime-2.3.4.jar:/Users/cb-angalaparameashwari/.m2/repository/org/glassfish/jaxb/txw2/2.3.4/txw2-2.3.4.jar:/Users/cb-angalaparameashwari/.m2/repository/com/sun/istack/istack-commons-runtime/3.0.12/istack-commons-runtime-3.0.12.jar:/Users/cb-angalaparameashwari/.m2/repository/com/sun/activation/jakarta.activation/1.2.2/jakarta.activation-1.2.2.jar:/Users/cb-angalaparameashwari/.m2/repository/com/google/code/gson/gson/2.8.5/gson-2.8.5.jar:/Users/cb-angalaparameashwari/.m2/repository/org/json/json/20090211/json-20090211.jar:/Users/cb-angalaparameashwari/.m2/repository/com/querydsl/querydsl-jpa/4.2.1/querydsl-jpa-4.2.1.jar:/Users/cb-angalaparameashwari/.m2/repository/com/querydsl/querydsl-core/4.4.0/querydsl-core-4.4.0.jar:/Users/cb-angalaparameashwari/.m2/repository/com/google/guava/guava/18.0/guava-18.0.jar:/Users/cb-angalaparameashwari/.m2/repository/com/google/code/findbugs/jsr305/1.3.9/jsr305-1.3.9.jar:/Users/cb-angalaparameashwari/.m2/repository/com/mysema/commons/mysema-commons-lang/0.2.4/mysema-commons-lang-0.2.4.jar:/Users/cb-angalaparameashwari/.m2/repository/com/infradna/tool/bridge-method-annotation/1.13/bridge-method-annotation-1.13.jar:/Users/cb-angalaparameashwari/.m2/repository/javax/inject/javax.inject/1/javax.inject-1.jar:/Users/cb-angalaparameashwari/.m2/repository/org/springframework/boot/spring-boot-starter-test/2.5.1/spring-boot-starter-test-2.5.1.jar:/Users/cb-angalaparameashwari/.m2/repository/org/springframework/boot/spring-boot-test/2.5.1/spring-boot-test-2.5.1.jar:/Users/cb-angalaparameashwari/.m2/repository/org/springframework/boot/spring-boot-test-autoconfigure/2.5.1/spring-boot-test-autoconfigure-2.5.1.jar:/Users/cb-angalaparameashwari/.m2/repository/com/jayway/jsonpath/json-path/2.5.0/json-path-2.5.0.jar:/Users/cb-angalaparameashwari/.m2/repository/net/minidev/json-smart/2.4.7/json-smart-2.4.7.jar:/Users/cb-angalaparameashwari/.m2/repository/net/minidev/accessors-smart/2.4.7/accessors-smart-2.4.7.jar:/Users/cb-angalaparameashwari/.m2/repository/org/ow2/asm/asm/9.1/asm-9.1.jar:/Users/cb-angalaparameashwari/.m2/repository/jakarta/xml/bind/jakarta.xml.bind-api/2.3.3/jakarta.xml.bind-api-2.3.3.jar:/Users/cb-angalaparameashwari/.m2/repository/jakarta/activation/jakarta.activation-api/1.2.2/jakarta.activation-api-1.2.2.jar:/Users/cb-angalaparameashwari/.m2/repository/org/assertj/assertj-core/3.19.0/assertj-core-3.19.0.jar:/Users/cb-angalaparameashwari/.m2/repository/org/hamcrest/hamcrest/2.2/hamcrest-2.2.jar:/Users/cb-angalaparameashwari/.m2/repository/org/junit/jupiter/junit-jupiter/5.7.2/junit-jupiter-5.7.2.jar:/Users/cb-angalaparameashwari/.m2/repository/org/junit/jupiter/junit-jupiter-api/5.7.2/junit-jupiter-api-5.7.2.jar:/Users/cb-angalaparameashwari/.m2/repository/org/junit/jupiter/junit-jupiter-params/5.7.2/junit-jupiter-params-5.7.2.jar:/Users/cb-angalaparameashwari/.m2/repository/org/junit/jupiter/junit-jupiter-engine/5.7.2/junit-jupiter-engine-5.7.2.jar:/Users/cb-angalaparameashwari/.m2/repository/org/mockito/mockito-core/3.9.0/mockito-core-3.9.0.jar:/Users/cb-angalaparameashwari/.m2/repository/net/bytebuddy/byte-buddy-agent/1.10.22/byte-buddy-agent-1.10.22.jar:/Users/cb-angalaparameashwari/.m2/repository/org/objenesis/objenesis/3.2/objenesis-3.2.jar:/Users/cb-angalaparameashwari/.m2/repository/org/mockito/mockito-junit-jupiter/3.9.0/mockito-junit-jupiter-3.9.0.jar:/Users/cb-angalaparameashwari/.m2/repository/org/skyscreamer/jsonassert/1.5.0/jsonassert-1.5.0.jar:/Users/cb-angalaparameashwari/.m2/repository/com/vaadin/external/google/android-json/0.0.20131108.vaadin1/android-json-0.0.20131108.vaadin1.jar:/Users/cb-angalaparameashwari/.m2/repository/org/springframework/spring-core/5.3.8/spring-core-5.3.8.jar:/Users/cb-angalaparameashwari/.m2/repository/org/springframework/spring-jcl/5.3.8/spring-jcl-5.3.8.jar:/Users/cb-angalaparameashwari/.m2/repository/org/springframework/spring-test/5.3.8/spring-test-5.3.8.jar:/Users/cb-angalaparameashwari/.m2/repository/org/xmlunit/xmlunit-core/2.8.2/xmlunit-core-2.8.2.jar:/Users/cb-angalaparameashwari/.m2/repository/org/codehaus/groovy/groovy/3.0.8/groovy-3.0.8.jar:/Users/cb-angalaparameashwari/.m2/repository/org/codehaus/groovy/groovy-ant/3.0.8/groovy-ant-3.0.8.jar:/Users/cb-angalaparameashwari/.m2/repository/org/apache/ant/ant/1.10.9/ant-1.10.9.jar:/Users/cb-angalaparameashwari/.m2/repository/org/apache/ant/ant-junit/1.10.9/ant-junit-1.10.9.jar:/Library/Java/JavaVirtualMachines/jdk1.8.0_202.jdk/Contents/Home/jre/../lib/tools.jar:/Users/cb-angalaparameashwari/.m2/repository/org/apache/ant/ant-launcher/1.10.9/ant-launcher-1.10.9.jar:/Users/cb-angalaparameashwari/.m2/repository/org/apache/ant/ant-antlr/1.10.9/ant-antlr-1.10.9.jar:/Users/cb-angalaparameashwari/.m2/repository/org/codehaus/groovy/groovy-astbuilder/3.0.8/groovy-astbuilder-3.0.8.jar:/Users/cb-angalaparameashwari/.m2/repository/org/codehaus/groovy/groovy-cli-picocli/3.0.8/groovy-cli-picocli-3.0.8.jar:/Users/cb-angalaparameashwari/.m2/repository/info/picocli/picocli/4.5.2/picocli-4.5.2.jar:/Users/cb-angalaparameashwari/.m2/repository/org/codehaus/groovy/groovy-console/3.0.8/groovy-console-3.0.8.jar:/Users/cb-angalaparameashwari/.m2/repository/org/codehaus/groovy/groovy-datetime/3.0.8/groovy-datetime-3.0.8.jar:/Users/cb-angalaparameashwari/.m2/repository/org/codehaus/groovy/groovy-docgenerator/3.0.8/groovy-docgenerator-3.0.8.jar:/Users/cb-angalaparameashwari/.m2/repository/com/thoughtworks/qdox/qdox/1.12.1/qdox-1.12.1.jar:/Users/cb-angalaparameashwari/.m2/repository/org/codehaus/groovy/groovy-groovydoc/3.0.8/groovy-groovydoc-3.0.8.jar:/Users/cb-angalaparameashwari/.m2/repository/com/github/javaparser/javaparser-core/3.18.0/javaparser-core-3.18.0.jar:/Users/cb-angalaparameashwari/.m2/repository/org/codehaus/groovy/groovy-groovysh/3.0.8/groovy-groovysh-3.0.8.jar:/Users/cb-angalaparameashwari/.m2/repository/jline/jline/2.14.6/jline-2.14.6.jar:/Users/cb-angalaparameashwari/.m2/repository/org/codehaus/groovy/groovy-jmx/3.0.8/groovy-jmx-3.0.8.jar:/Users/cb-angalaparameashwari/.m2/repository/org/codehaus/groovy/groovy-json/3.0.8/groovy-json-3.0.8.jar:/Users/cb-angalaparameashwari/.m2/repository/org/codehaus/groovy/groovy-jsr223/3.0.8/groovy-jsr223-3.0.8.jar:/Users/cb-angalaparameashwari/.m2/repository/org/codehaus/groovy/groovy-macro/3.0.8/groovy-macro-3.0.8.jar:/Users/cb-angalaparameashwari/.m2/repository/org/codehaus/groovy/groovy-nio/3.0.8/groovy-nio-3.0.8.jar:/Users/cb-angalaparameashwari/.m2/repository/org/codehaus/groovy/groovy-servlet/3.0.8/groovy-servlet-3.0.8.jar:/Users/cb-angalaparameashwari/.m2/repository/org/codehaus/groovy/groovy-sql/3.0.8/groovy-sql-3.0.8.jar:/Users/cb-angalaparameashwari/.m2/repository/org/codehaus/groovy/groovy-swing/3.0.8/groovy-swing-3.0.8.jar:/Users/cb-angalaparameashwari/.m2/repository/org/codehaus/groovy/groovy-templates/3.0.8/groovy-templates-3.0.8.jar:/Users/cb-angalaparameashwari/.m2/repository/org/codehaus/groovy/groovy-test/3.0.8/groovy-test-3.0.8.jar:/Users/cb-angalaparameashwari/.m2/repository/junit/junit/4.13.2/junit-4.13.2.jar:/Users/cb-angalaparameashwari/.m2/repository/org/hamcrest/hamcrest-core/2.2/hamcrest-core-2.2.jar:/Users/cb-angalaparameashwari/.m2/repository/org/codehaus/groovy/groovy-test-junit5/3.0.8/groovy-test-junit5-3.0.8.jar:/Users/cb-angalaparameashwari/.m2/repository/org/junit/platform/junit-platform-launcher/1.7.2/junit-platform-launcher-1.7.2.jar:/Users/cb-angalaparameashwari/.m2/repository/org/codehaus/groovy/groovy-testng/3.0.8/groovy-testng-3.0.8.jar:/Users/cb-angalaparameashwari/.m2/repository/org/testng/testng/7.4.0/testng-7.4.0.jar:/Users/cb-angalaparameashwari/.m2/repository/com/beust/jcommander/1.78/jcommander-1.78.jar:/Users/cb-angalaparameashwari/.m2/repository/org/webjars/jquery/3.5.1/jquery-3.5.1.jar:/Users/cb-angalaparameashwari/.m2/repository/org/codehaus/groovy/groovy-xml/3.0.8/groovy-xml-3.0.8.jar:/Users/cb-angalaparameashwari/.m2/repository/org/spockframework/spock-core/2.0-groovy-3.0/spock-core-2.0-groovy-3.0.jar:/Users/cb-angalaparameashwari/.m2/repository/org/junit/platform/junit-platform-engine/1.7.2/junit-platform-engine-1.7.2.jar:/Users/cb-angalaparameashwari/.m2/repository/org/apiguardian/apiguardian-api/1.1.0/apiguardian-api-1.1.0.jar:/Users/cb-angalaparameashwari/.m2/repository/org/opentest4j/opentest4j/1.2.0/opentest4j-1.2.0.jar:/Users/cb-angalaparameashwari/.m2/repository/org/junit/platform/junit-platform-commons/1.7.2/junit-platform-commons-1.7.2.jar:"/>
    <property name="java.vm.vendor" value="Oracle Corporation"/>
    <property name="sun.arch.data.model" value="64"/>
    <property name="java.vendor.url" value="http://java.oracle.com/"/>
    <property name="user.timezone" value=""/>
    <property name="java.vm.specification.version" value="1.8"/>
    <property name="os.name" value="Mac OS X"/>
    <property name="user.country" value="IN"/>
    <property name="sun.java.launcher" value="SUN_STANDARD"/>
    <property name="sun.boot.library.path" value="/Library/Java/JavaVirtualMachines/jdk1.8.0_202.jdk/Contents/Home/jre/lib"/>
    <property name="sun.java.command" value="/Users/cb-angalaparameashwari/work/tech-school/target/surefire/surefirebooter4488581667136120095.jar /Users/cb-angalaparameashwari/work/tech-school/target/surefire 2021-06-27T12-28-44_792-jvmRun1 surefire8920171426002195907tmp surefire_07911064521478923407tmp"/>
    <property name="http.nonProxyHosts" value="local|*.local|169.254/16|*.169.254/16"/>
    <property name="surefire.test.class.path" value="/Users/cb-angalaparameashwari/work/tech-school/target/test-classes:/Users/cb-angalaparameashwari/work/tech-school/target/classes:/Users/cb-angalaparameashwari/.m2/repository/org/springframework/boot/spring-boot-starter-web/2.1.8.RELEASE/spring-boot-starter-web-2.1.8.RELEASE.jar:/Users/cb-angalaparameashwari/.m2/repository/org/springframework/boot/spring-boot-starter/2.5.1/spring-boot-starter-2.5.1.jar:/Users/cb-angalaparameashwari/.m2/repository/org/springframework/boot/spring-boot/2.5.1/spring-boot-2.5.1.jar:/Users/cb-angalaparameashwari/.m2/repository/org/springframework/boot/spring-boot-autoconfigure/2.5.1/spring-boot-autoconfigure-2.5.1.jar:/Users/cb-angalaparameashwari/.m2/repository/org/springframework/boot/spring-boot-starter-logging/2.5.1/spring-boot-starter-logging-2.5.1.jar:/Users/cb-angalaparameashwari/.m2/repository/ch/qos/logback/logback-classic/1.2.3/logback-classic-1.2.3.jar:/Users/cb-angalaparameashwari/.m2/repository/ch/qos/logback/logback-core/1.2.3/logback-core-1.2.3.jar:/Users/cb-angalaparameashwari/.m2/repository/org/apache/logging/log4j/log4j-to-slf4j/2.14.1/log4j-to-slf4j-2.14.1.jar:/Users/cb-angalaparameashwari/.m2/repository/org/apache/logging/log4j/log4j-api/2.14.1/log4j-api-2.14.1.jar:/Users/cb-angalaparameashwari/.m2/repository/org/slf4j/jul-to-slf4j/1.7.30/jul-to-slf4j-1.7.30.jar:/Users/cb-angalaparameashwari/.m2/repository/jakarta/annotation/jakarta.annotation-api/1.3.5/jakarta.annotation-api-1.3.5.jar:/Users/cb-angalaparameashwari/.m2/repository/org/yaml/snakeyaml/1.28/snakeyaml-1.28.jar:/Users/cb-angalaparameashwari/.m2/repository/org/springframework/boot/spring-boot-starter-json/2.5.1/spring-boot-starter-json-2.5.1.jar:/Users/cb-angalaparameashwari/.m2/repository/com/fasterxml/jackson/datatype/jackson-datatype-jdk8/2.12.3/jackson-datatype-jdk8-2.12.3.jar:/Users/cb-angalaparameashwari/.m2/repository/com/fasterxml/jackson/datatype/jackson-datatype-jsr310/2.12.3/jackson-datatype-jsr310-2.12.3.jar:/Users/cb-angalaparameashwari/.m2/repository/com/fasterxml/jackson/module/jackson-module-parameter-names/2.12.3/jackson-module-parameter-names-2.12.3.jar:/Users/cb-angalaparameashwari/.m2/repository/org/springframework/boot/spring-boot-starter-tomcat/2.5.1/spring-boot-starter-tomcat-2.5.1.jar:/Users/cb-angalaparameashwari/.m2/repository/org/apache/tomcat/embed/tomcat-embed-core/9.0.46/tomcat-embed-core-9.0.46.jar:/Users/cb-angalaparameashwari/.m2/repository/org/apache/tomcat/embed/tomcat-embed-el/9.0.46/tomcat-embed-el-9.0.46.jar:/Users/cb-angalaparameashwari/.m2/repository/org/apache/tomcat/embed/tomcat-embed-websocket/9.0.46/tomcat-embed-websocket-9.0.46.jar:/Users/cb-angalaparameashwari/.m2/repository/org/hibernate/validator/hibernate-validator/6.2.0.Final/hibernate-validator-6.2.0.Final.jar:/Users/cb-angalaparameashwari/.m2/repository/jakarta/validation/jakarta.validation-api/2.0.2/jakarta.validation-api-2.0.2.jar:/Users/cb-angalaparameashwari/.m2/repository/org/springframework/spring-web/5.3.8/spring-web-5.3.8.jar:/Users/cb-angalaparameashwari/.m2/repository/org/springframework/spring-beans/5.3.8/spring-beans-5.3.8.jar:/Users/cb-angalaparameashwari/.m2/repository/org/springframework/spring-webmvc/5.3.8/spring-webmvc-5.3.8.jar:/Users/cb-angalaparameashwari/.m2/repository/org/springframework/spring-aop/5.3.8/spring-aop-5.3.8.jar:/Users/cb-angalaparameashwari/.m2/repository/org/springframework/spring-context/5.3.8/spring-context-5.3.8.jar:/Users/cb-angalaparameashwari/.m2/repository/org/springframework/spring-expression/5.3.8/spring-expression-5.3.8.jar:/Users/cb-angalaparameashwari/.m2/repository/org/springframework/boot/spring-boot-starter-actuator/2.5.1/spring-boot-starter-actuator-2.5.1.jar:/Users/cb-angalaparameashwari/.m2/repository/org/springframework/boot/spring-boot-actuator-autoconfigure/2.5.1/spring-boot-actuator-autoconfigure-2.5.1.jar:/Users/cb-angalaparameashwari/.m2/repository/org/springframework/boot/spring-boot-actuator/2.5.1/spring-boot-actuator-2.5.1.jar:/Users/cb-angalaparameashwari/.m2/repository/io/micrometer/micrometer-core/1.7.0/micrometer-core-1.7.0.jar:/Users/cb-angalaparameashwari/.m2/repository/org/hdrhistogram/HdrHistogram/2.1.12/HdrHistogram-2.1.12.jar:/Users/cb-angalaparameashwari/.m2/repository/org/latencyutils/LatencyUtils/2.0.3/LatencyUtils-2.0.3.jar:/Users/cb-angalaparameashwari/.m2/repository/com/sendgrid/sendgrid-java/4.7.2/sendgrid-java-4.7.2.jar:/Users/cb-angalaparameashwari/.m2/repository/com/sendgrid/java-http-client/4.3.6/java-http-client-4.3.6.jar:/Users/cb-angalaparameashwari/.m2/repository/org/apache/httpcomponents/httpcore/4.4.14/httpcore-4.4.14.jar:/Users/cb-angalaparameashwari/.m2/repository/org/apache/httpcomponents/httpclient/4.5.13/httpclient-4.5.13.jar:/Users/cb-angalaparameashwari/.m2/repository/commons-codec/commons-codec/1.15/commons-codec-1.15.jar:/Users/cb-angalaparameashwari/.m2/repository/com/fasterxml/jackson/core/jackson-core/2.12.3/jackson-core-2.12.3.jar:/Users/cb-angalaparameashwari/.m2/repository/com/fasterxml/jackson/core/jackson-annotations/2.12.3/jackson-annotations-2.12.3.jar:/Users/cb-angalaparameashwari/.m2/repository/com/fasterxml/jackson/core/jackson-databind/2.12.3/jackson-databind-2.12.3.jar:/Users/cb-angalaparameashwari/.m2/repository/org/bouncycastle/bcprov-jdk15on/1.68/bcprov-jdk15on-1.68.jar:/Users/cb-angalaparameashwari/.m2/repository/log4j/log4j/1.2.17/log4j-1.2.17.jar:/Users/cb-angalaparameashwari/.m2/repository/org/slf4j/slf4j-api/1.7.7/slf4j-api-1.7.7.jar:/Users/cb-angalaparameashwari/.m2/repository/com/h2database/h2/1.4.200/h2-1.4.200.jar:/Users/cb-angalaparameashwari/.m2/repository/org/projectlombok/lombok/1.18.20/lombok-1.18.20.jar:/Users/cb-angalaparameashwari/.m2/repository/org/flywaydb/flyway-core/7.8.1/flyway-core-7.8.1.jar:/Users/cb-angalaparameashwari/.m2/repository/org/springframework/boot/spring-boot-starter-data-jpa/2.5.1/spring-boot-starter-data-jpa-2.5.1.jar:/Users/cb-angalaparameashwari/.m2/repository/org/springframework/boot/spring-boot-starter-aop/2.5.1/spring-boot-starter-aop-2.5.1.jar:/Users/cb-angalaparameashwari/.m2/repository/org/aspectj/aspectjweaver/1.9.6/aspectjweaver-1.9.6.jar:/Users/cb-angalaparameashwari/.m2/repository/org/springframework/boot/spring-boot-starter-jdbc/2.5.1/spring-boot-starter-jdbc-2.5.1.jar:/Users/cb-angalaparameashwari/.m2/repository/com/zaxxer/HikariCP/4.0.3/HikariCP-4.0.3.jar:/Users/cb-angalaparameashwari/.m2/repository/org/springframework/spring-jdbc/5.3.8/spring-jdbc-5.3.8.jar:/Users/cb-angalaparameashwari/.m2/repository/jakarta/transaction/jakarta.transaction-api/1.3.3/jakarta.transaction-api-1.3.3.jar:/Users/cb-angalaparameashwari/.m2/repository/jakarta/persistence/jakarta.persistence-api/2.2.3/jakarta.persistence-api-2.2.3.jar:/Users/cb-angalaparameashwari/.m2/repository/org/springframework/data/spring-data-jpa/2.5.1/spring-data-jpa-2.5.1.jar:/Users/cb-angalaparameashwari/.m2/repository/org/springframework/data/spring-data-commons/2.5.1/spring-data-commons-2.5.1.jar:/Users/cb-angalaparameashwari/.m2/repository/org/springframework/spring-orm/5.3.8/spring-orm-5.3.8.jar:/Users/cb-angalaparameashwari/.m2/repository/org/springframework/spring-tx/5.3.8/spring-tx-5.3.8.jar:/Users/cb-angalaparameashwari/.m2/repository/org/springframework/spring-aspects/5.3.8/spring-aspects-5.3.8.jar:/Users/cb-angalaparameashwari/.m2/repository/org/hibernate/hibernate-core/5.4.30.Final/hibernate-core-5.4.30.Final.jar:/Users/cb-angalaparameashwari/.m2/repository/org/jboss/logging/jboss-logging/3.4.2.Final/jboss-logging-3.4.2.Final.jar:/Users/cb-angalaparameashwari/.m2/repository/javax/persistence/javax.persistence-api/2.2/javax.persistence-api-2.2.jar:/Users/cb-angalaparameashwari/.m2/repository/org/javassist/javassist/3.27.0-GA/javassist-3.27.0-GA.jar:/Users/cb-angalaparameashwari/.m2/repository/net/bytebuddy/byte-buddy/1.10.22/byte-buddy-1.10.22.jar:/Users/cb-angalaparameashwari/.m2/repository/antlr/antlr/2.7.7/antlr-2.7.7.jar:/Users/cb-angalaparameashwari/.m2/repository/org/jboss/spec/javax/transaction/jboss-transaction-api_1.2_spec/1.1.1.Final/jboss-transaction-api_1.2_spec-1.1.1.Final.jar:/Users/cb-angalaparameashwari/.m2/repository/org/jboss/jandex/2.2.3.Final/jandex-2.2.3.Final.jar:/Users/cb-angalaparameashwari/.m2/repository/com/fasterxml/classmate/1.5.1/classmate-1.5.1.jar:/Users/cb-angalaparameashwari/.m2/repository/javax/activation/javax.activation-api/1.2.0/javax.activation-api-1.2.0.jar:/Users/cb-angalaparameashwari/.m2/repository/org/dom4j/dom4j/2.1.3/dom4j-2.1.3.jar:/Users/cb-angalaparameashwari/.m2/repository/org/hibernate/common/hibernate-commons-annotations/5.1.2.Final/hibernate-commons-annotations-5.1.2.Final.jar:/Users/cb-angalaparameashwari/.m2/repository/javax/xml/bind/jaxb-api/2.3.1/jaxb-api-2.3.1.jar:/Users/cb-angalaparameashwari/.m2/repository/org/glassfish/jaxb/jaxb-runtime/2.3.4/jaxb-runtime-2.3.4.jar:/Users/cb-angalaparameashwari/.m2/repository/org/glassfish/jaxb/txw2/2.3.4/txw2-2.3.4.jar:/Users/cb-angalaparameashwari/.m2/repository/com/sun/istack/istack-commons-runtime/3.0.12/istack-commons-runtime-3.0.12.jar:/Users/cb-angalaparameashwari/.m2/repository/com/sun/activation/jakarta.activation/1.2.2/jakarta.activation-1.2.2.jar:/Users/cb-angalaparameashwari/.m2/repository/com/google/code/gson/gson/2.8.5/gson-2.8.5.jar:/Users/cb-angalaparameashwari/.m2/repository/org/json/json/20090211/json-20090211.jar:/Users/cb-angalaparameashwari/.m2/repository/com/querydsl/querydsl-jpa/4.2.1/querydsl-jpa-4.2.1.jar:/Users/cb-angalaparameashwari/.m2/repository/com/querydsl/querydsl-core/4.4.0/querydsl-core-4.4.0.jar:/Users/cb-angalaparameashwari/.m2/repository/com/google/guava/guava/18.0/guava-18.0.jar:/Users/cb-angalaparameashwari/.m2/repository/com/google/code/findbugs/jsr305/1.3.9/jsr305-1.3.9.jar:/Users/cb-angalaparameashwari/.m2/repository/com/mysema/commons/mysema-commons-lang/0.2.4/mysema-commons-lang-0.2.4.jar:/Users/cb-angalaparameashwari/.m2/repository/com/infradna/tool/bridge-method-annotation/1.13/bridge-method-annotation-1.13.jar:/Users/cb-angalaparameashwari/.m2/repository/javax/inject/javax.inject/1/javax.inject-1.jar:/Users/cb-angalaparameashwari/.m2/repository/org/springframework/boot/spring-boot-starter-test/2.5.1/spring-boot-starter-test-2.5.1.jar:/Users/cb-angalaparameashwari/.m2/repository/org/springframework/boot/spring-boot-test/2.5.1/spring-boot-test-2.5.1.jar:/Users/cb-angalaparameashwari/.m2/repository/org/springframework/boot/spring-boot-test-autoconfigure/2.5.1/spring-boot-test-autoconfigure-2.5.1.jar:/Users/cb-angalaparameashwari/.m2/repository/com/jayway/jsonpath/json-path/2.5.0/json-path-2.5.0.jar:/Users/cb-angalaparameashwari/.m2/repository/net/minidev/json-smart/2.4.7/json-smart-2.4.7.jar:/Users/cb-angalaparameashwari/.m2/repository/net/minidev/accessors-smart/2.4.7/accessors-smart-2.4.7.jar:/Users/cb-angalaparameashwari/.m2/repository/org/ow2/asm/asm/9.1/asm-9.1.jar:/Users/cb-angalaparameashwari/.m2/repository/jakarta/xml/bind/jakarta.xml.bind-api/2.3.3/jakarta.xml.bind-api-2.3.3.jar:/Users/cb-angalaparameashwari/.m2/repository/jakarta/activation/jakarta.activation-api/1.2.2/jakarta.activation-api-1.2.2.jar:/Users/cb-angalaparameashwari/.m2/repository/org/assertj/assertj-core/3.19.0/assertj-core-3.19.0.jar:/Users/cb-angalaparameashwari/.m2/repository/org/hamcrest/hamcrest/2.2/hamcrest-2.2.jar:/Users/cb-angalaparameashwari/.m2/repository/org/junit/jupiter/junit-jupiter/5.7.2/junit-jupiter-5.7.2.jar:/Users/cb-angalaparameashwari/.m2/repository/org/junit/jupiter/junit-jupiter-api/5.7.2/junit-jupiter-api-5.7.2.jar:/Users/cb-angalaparameashwari/.m2/repository/org/junit/jupiter/junit-jupiter-params/5.7.2/junit-jupiter-params-5.7.2.jar:/Users/cb-angalaparameashwari/.m2/repository/org/junit/jupiter/junit-jupiter-engine/5.7.2/junit-jupiter-engine-5.7.2.jar:/Users/cb-angalaparameashwari/.m2/repository/org/mockito/mockito-core/3.9.0/mockito-core-3.9.0.jar:/Users/cb-angalaparameashwari/.m2/repository/net/bytebuddy/byte-buddy-agent/1.10.22/byte-buddy-agent-1.10.22.jar:/Users/cb-angalaparameashwari/.m2/repository/org/objenesis/objenesis/3.2/objenesis-3.2.jar:/Users/cb-angalaparameashwari/.m2/repository/org/mockito/mockito-junit-jupiter/3.9.0/mockito-junit-jupiter-3.9.0.jar:/Users/cb-angalaparameashwari/.m2/repository/org/skyscreamer/jsonassert/1.5.0/jsonassert-1.5.0.jar:/Users/cb-angalaparameashwari/.m2/repository/com/vaadin/external/google/android-json/0.0.20131108.vaadin1/android-json-0.0.20131108.vaadin1.jar:/Users/cb-angalaparameashwari/.m2/repository/org/springframework/spring-core/5.3.8/spring-core-5.3.8.jar:/Users/cb-angalaparameashwari/.m2/repository/org/springframework/spring-jcl/5.3.8/spring-jcl-5.3.8.jar:/Users/cb-angalaparameashwari/.m2/repository/org/springframework/spring-test/5.3.8/spring-test-5.3.8.jar:/Users/cb-angalaparameashwari/.m2/repository/org/xmlunit/xmlunit-core/2.8.2/xmlunit-core-2.8.2.jar:/Users/cb-angalaparameashwari/.m2/repository/org/codehaus/groovy/groovy/3.0.8/groovy-3.0.8.jar:/Users/cb-angalaparameashwari/.m2/repository/org/codehaus/groovy/groovy-ant/3.0.8/groovy-ant-3.0.8.jar:/Users/cb-angalaparameashwari/.m2/repository/org/apache/ant/ant/1.10.9/ant-1.10.9.jar:/Users/cb-angalaparameashwari/.m2/repository/org/apache/ant/ant-junit/1.10.9/ant-junit-1.10.9.jar:/Library/Java/JavaVirtualMachines/jdk1.8.0_202.jdk/Contents/Home/jre/../lib/tools.jar:/Users/cb-angalaparameashwari/.m2/repository/org/apache/ant/ant-launcher/1.10.9/ant-launcher-1.10.9.jar:/Users/cb-angalaparameashwari/.m2/repository/org/apache/ant/ant-antlr/1.10.9/ant-antlr-1.10.9.jar:/Users/cb-angalaparameashwari/.m2/repository/org/codehaus/groovy/groovy-astbuilder/3.0.8/groovy-astbuilder-3.0.8.jar:/Users/cb-angalaparameashwari/.m2/repository/org/codehaus/groovy/groovy-cli-picocli/3.0.8/groovy-cli-picocli-3.0.8.jar:/Users/cb-angalaparameashwari/.m2/repository/info/picocli/picocli/4.5.2/picocli-4.5.2.jar:/Users/cb-angalaparameashwari/.m2/repository/org/codehaus/groovy/groovy-console/3.0.8/groovy-console-3.0.8.jar:/Users/cb-angalaparameashwari/.m2/repository/org/codehaus/groovy/groovy-datetime/3.0.8/groovy-datetime-3.0.8.jar:/Users/cb-angalaparameashwari/.m2/repository/org/codehaus/groovy/groovy-docgenerator/3.0.8/groovy-docgenerator-3.0.8.jar:/Users/cb-angalaparameashwari/.m2/repository/com/thoughtworks/qdox/qdox/1.12.1/qdox-1.12.1.jar:/Users/cb-angalaparameashwari/.m2/repository/org/codehaus/groovy/groovy-groovydoc/3.0.8/groovy-groovydoc-3.0.8.jar:/Users/cb-angalaparameashwari/.m2/repository/com/github/javaparser/javaparser-core/3.18.0/javaparser-core-3.18.0.jar:/Users/cb-angalaparameashwari/.m2/repository/org/codehaus/groovy/groovy-groovysh/3.0.8/groovy-groovysh-3.0.8.jar:/Users/cb-angalaparameashwari/.m2/repository/jline/jline/2.14.6/jline-2.14.6.jar:/Users/cb-angalaparameashwari/.m2/repository/org/codehaus/groovy/groovy-jmx/3.0.8/groovy-jmx-3.0.8.jar:/Users/cb-angalaparameashwari/.m2/repository/org/codehaus/groovy/groovy-json/3.0.8/groovy-json-3.0.8.jar:/Users/cb-angalaparameashwari/.m2/repository/org/codehaus/groovy/groovy-jsr223/3.0.8/groovy-jsr223-3.0.8.jar:/Users/cb-angalaparameashwari/.m2/repository/org/codehaus/groovy/groovy-macro/3.0.8/groovy-macro-3.0.8.jar:/Users/cb-angalaparameashwari/.m2/repository/org/codehaus/groovy/groovy-nio/3.0.8/groovy-nio-3.0.8.jar:/Users/cb-angalaparameashwari/.m2/repository/org/codehaus/groovy/groovy-servlet/3.0.8/groovy-servlet-3.0.8.jar:/Users/cb-angalaparameashwari/.m2/repository/org/codehaus/groovy/groovy-sql/3.0.8/groovy-sql-3.0.8.jar:/Users/cb-angalaparameashwari/.m2/repository/org/codehaus/groovy/groovy-swing/3.0.8/groovy-swing-3.0.8.jar:/Users/cb-angalaparameashwari/.m2/repository/org/codehaus/groovy/groovy-templates/3.0.8/groovy-templates-3.0.8.jar:/Users/cb-angalaparameashwari/.m2/repository/org/codehaus/groovy/groovy-test/3.0.8/groovy-test-3.0.8.jar:/Users/cb-angalaparameashwari/.m2/repository/junit/junit/4.13.2/junit-4.13.2.jar:/Users/cb-angalaparameashwari/.m2/repository/org/hamcrest/hamcrest-core/2.2/hamcrest-core-2.2.jar:/Users/cb-angalaparameashwari/.m2/repository/org/codehaus/groovy/groovy-test-junit5/3.0.8/groovy-test-junit5-3.0.8.jar:/Users/cb-angalaparameashwari/.m2/repository/org/junit/platform/junit-platform-launcher/1.7.2/junit-platform-launcher-1.7.2.jar:/Users/cb-angalaparameashwari/.m2/repository/org/codehaus/groovy/groovy-testng/3.0.8/groovy-testng-3.0.8.jar:/Users/cb-angalaparameashwari/.m2/repository/org/testng/testng/7.4.0/testng-7.4.0.jar:/Users/cb-angalaparameashwari/.m2/repository/com/beust/jcommander/1.78/jcommander-1.78.jar:/Users/cb-angalaparameashwari/.m2/repository/org/webjars/jquery/3.5.1/jquery-3.5.1.jar:/Users/cb-angalaparameashwari/.m2/repository/org/codehaus/groovy/groovy-xml/3.0.8/groovy-xml-3.0.8.jar:/Users/cb-angalaparameashwari/.m2/repository/org/spockframework/spock-core/2.0-groovy-3.0/spock-core-2.0-groovy-3.0.jar:/Users/cb-angalaparameashwari/.m2/repository/org/junit/platform/junit-platform-engine/1.7.2/junit-platform-engine-1.7.2.jar:/Users/cb-angalaparameashwari/.m2/repository/org/apiguardian/apiguardian-api/1.1.0/apiguardian-api-1.1.0.jar:/Users/cb-angalaparameashwari/.m2/repository/org/opentest4j/opentest4j/1.2.0/opentest4j-1.2.0.jar:/Users/cb-angalaparameashwari/.m2/repository/org/junit/platform/junit-platform-commons/1.7.2/junit-platform-commons-1.7.2.jar:"/>
    <property name="sun.cpu.endian" value="little"/>
    <property name="user.home" value="/Users/cb-angalaparameashwari"/>
    <property name="user.language" value="en"/>
    <property name="java.specification.vendor" value="Oracle Corporation"/>
    <property name="java.home" value="/Library/Java/JavaVirtualMachines/jdk1.8.0_202.jdk/Contents/Home/jre"/>
    <property name="basedir" value="/Users/cb-angalaparameashwari/work/tech-school"/>
    <property name="file.separator" value="/"/>
    <property name="line.separator" value="&#10;"/>
    <property name="java.vm.specification.vendor" value="Oracle Corporation"/>
    <property name="java.specification.name" value="Java Platform API Specification"/>
    <property name="java.awt.graphicsenv" value="sun.awt.CGraphicsEnvironment"/>
    <property name="surefire.real.class.path" value="/Users/cb-angalaparameashwari/work/tech-school/target/surefire/surefirebooter4488581667136120095.jar"/>
    <property name="sun.boot.class.path" value="/Library/Java/JavaVirtualMachines/jdk1.8.0_202.jdk/Contents/Home/jre/lib/resources.jar:/Library/Java/JavaVirtualMachines/jdk1.8.0_202.jdk/Contents/Home/jre/lib/rt.jar:/Library/Java/JavaVirtualMachines/jdk1.8.0_202.jdk/Contents/Home/jre/lib/sunrsasign.jar:/Library/Java/JavaVirtualMachines/jdk1.8.0_202.jdk/Contents/Home/jre/lib/jsse.jar:/Library/Java/JavaVirtualMachines/jdk1.8.0_202.jdk/Contents/Home/jre/lib/jce.jar:/Library/Java/JavaVirtualMachines/jdk1.8.0_202.jdk/Contents/Home/jre/lib/charsets.jar:/Library/Java/JavaVirtualMachines/jdk1.8.0_202.jdk/Contents/Home/jre/lib/jfr.jar:/Library/Java/JavaVirtualMachines/jdk1.8.0_202.jdk/Contents/Home/jre/classes"/>
    <property name="sun.management.compiler" value="HotSpot 64-Bit Tiered Compilers"/>
    <property name="ftp.nonProxyHosts" value="local|*.local|169.254/16|*.169.254/16"/>
    <property name="java.runtime.version" value="1.8.0_202-b08"/>
    <property name="user.name" value="cb-angalaparameashwari"/>
    <property name="path.separator" value=":"/>
    <property name="os.version" value="10.14.6"/>
    <property name="java.endorsed.dirs" value="/Library/Java/JavaVirtualMachines/jdk1.8.0_202.jdk/Contents/Home/jre/lib/endorsed"/>
    <property name="java.runtime.name" value="Java(TM) SE Runtime Environment"/>
    <property name="file.encoding" value="US-ASCII"/>
    <property name="java.vm.name" value="Java HotSpot(TM) 64-Bit Server VM"/>
    <property name="localRepository" value="/Users/cb-angalaparameashwari/.m2/repository"/>
    <property name="java.vendor.url.bug" value="http://bugreport.sun.com/bugreport/"/>
    <property name="java.io.tmpdir" value="/var/folders/kv/dz22q6qx7pb0b70p0pjl6srh0000gr/T/"/>
    <property name="idea.version" value="2020.2"/>
    <property name="java.version" value="1.8.0_202"/>
    <property name="user.dir" value="/Users/cb-angalaparameashwari/work/tech-school"/>
    <property name="os.arch" value="x86_64"/>
    <property name="java.vm.specification.name" value="Java Virtual Machine Specification"/>
    <property name="java.awt.printerjob" value="sun.lwawt.macosx.CPrinterJob"/>
    <property name="sun.os.patch.level" value="unknown"/>
    <property name="java.library.path" value="/Users/cb-angalaparameashwari/Library/Java/Extensions:/Library/Java/Extensions:/Network/Library/Java/Extensions:/System/Library/Java/Extensions:/usr/lib/java:."/>
    <property name="java.vm.info" value="mixed mode"/>
    <property name="java.vendor" value="Oracle Corporation"/>
    <property name="java.vm.version" value="25.202-b08"/>
    <property name="java.ext.dirs" value="/Users/cb-angalaparameashwari/Library/Java/Extensions:/Library/Java/JavaVirtualMachines/jdk1.8.0_202.jdk/Contents/Home/jre/lib/ext:/Library/Java/Extensions:/Network/Library/Java/Extensions:/System/Library/Java/Extensions:/usr/lib/java"/>
    <property name="sun.io.unicode.encoding" value="UnicodeBig"/>
    <property name="java.class.version" value="52.0"/>
    <property name="socksNonProxyHosts" value="local|*.local|169.254/16|*.169.254/16"/>
  </properties>
</testsuite>